# JRE version: OpenJDK Runtime Environment (7.0_79-b14) (build 1.7.0_79-b14)
# Java VM: OpenJDK 64-Bit Server VM (24.79-b02 mixed mode linux-amd64 compressed oops)
Heap
 PSYoungGen      total 36864K, used 14958K [0x00000007d6f00000, 0x00000007d9800000, 0x0000000800000000)
  eden space 31744K, 47% used [0x00000007d6f00000,0x00000007d7d9b8f8,0x00000007d8e00000)
  from space 5120K, 0% used [0x00000007d9300000,0x00000007d9300000,0x00000007d9800000)
  to   space 5120K, 0% used [0x00000007d8e00000,0x00000007d8e00000,0x00000007d9300000)
 ParOldGen       total 83968K, used 1681K [0x0000000784e00000, 0x000000078a000000, 0x00000007d6f00000)
  object space 83968K, 2% used [0x0000000784e00000,0x0000000784fa47a0,0x000000078a000000)
 PSPermGen       total 24576K, used 12234K [0x000000077a800000, 0x000000077c000000, 0x0000000784e00000)
  object space 24576K, 49% used [0x000000077a800000,0x000000077b3f2828,0x000000077c000000)
GC Heap History (8 events):
Event: 0.498 GC heap before
{Heap before GC invocations=1 (full 0):
 PSYoungGen      total 36864K, used 12886K [0x00000007d6f00000, 0x00000007d9800000, 0x0000000800000000)
  eden space 31744K, 40% used [0x00000007d6f00000,0x00000007d7b95988,0x00000007d8e00000)
  from space 5120K, 0% used [0x00000007d9300000,0x00000007d9300000,0x00000007d9800000)
  to   space 5120K, 0% used [0x00000007d8e00000,0x00000007d8e00000,0x00000007d9300000)
 ParOldGen       total 83968K, used 0K [0x0000000784e00000, 0x000000078a000000, 0x00000007d6f00000)
  object space 83968K, 0% used [0x0000000784e00000,0x0000000784e00000,0x000000078a000000)
 PSPermGen       total 21504K, used 10651K [0x000000077a800000, 0x000000077bd00000, 0x0000000784e00000)
  object space 21504K, 49% used [0x000000077a800000,0x000000077b266d40,0x000000077bd00000)
Event: 0.503 GC heap after
Heap after GC invocations=1 (full 0):
 PSYoungGen      total 36864K, used 2004K [0x00000007d6f00000, 0x00000007d9800000, 0x0000000800000000)
  eden space 31744K, 0% used [0x00000007d6f00000,0x00000007d6f00000,0x00000007d8e00000)
  from space 5120K, 39% used [0x00000007d8e00000,0x00000007d8ff51e8,0x00000007d9300000)
  to   space 5120K, 0% used [0x00000007d9300000,0x00000007d9300000,0x00000007d9800000)
 ParOldGen       total 83968K, used 8K [0x0000000784e00000, 0x000000078a000000, 0x00000007d6f00000)
  object space 83968K, 0% used [0x0000000784e00000,0x0000000784e02000,0x000000078a000000)
 PSPermGen       total 21504K, used 10651K [0x000000077a800000, 0x000000077bd00000, 0x0000000784e00000)
  object space 21504K, 49% used [0x000000077a800000,0x000000077b266d40,0x000000077bd00000)
}
Event: 0.503 GC heap before
{Heap before GC invocations=2 (full 1):
 PSYoungGen      total 36864K, used 2004K [0x00000007d6f00000, 0x00000007d9800000, 0x0000000800000000)
  eden space 31744K, 0% used [0x00000007d6f00000,0x00000007d6f00000,0x00000007d8e00000)
  from space 5120K, 39% used [0x00000007d8e00000,0x00000007d8ff51e8,0x00000007d9300000)
  to   space 5120K, 0% used [0x00000007d9300000,0x00000007d9300000,0x00000007d9800000)
 ParOldGen       total 83968K, used 8K [0x0000000784e00000, 0x000000078a000000, 0x00000007d6f00000)
  object space 83968K, 0% used [0x0000000784e00000,0x0000000784e02000,0x000000078a000000)
 PSPermGen       total 21504K, used 10651K [0x000000077a800000, 0x000000077bd00000, 0x0000000784e00000)
  object space 21504K, 49% used [0x000000077a800000,0x000000077b266d40,0x000000077bd00000)
Event: 0.542 GC heap after
Heap after GC invocations=2 (full 1):
 PSYoungGen      total 36864K, used 0K [0x00000007d6f00000, 0x00000007d9800000, 0x0000000800000000)
  eden space 31744K, 0% used [0x00000007d6f00000,0x00000007d6f00000,0x00000007d8e00000)
  from space 5120K, 0% used [0x00000007d8e00000,0x00000007d8e00000,0x00000007d9300000)
  to   space 5120K, 0% used [0x00000007d9300000,0x00000007d9300000,0x00000007d9800000)
 ParOldGen       total 83968K, used 1893K [0x0000000784e00000, 0x000000078a000000, 0x00000007d6f00000)
  object space 83968K, 2% used [0x0000000784e00000,0x0000000784fd9638,0x000000078a000000)
 PSPermGen       total 21504K, used 10648K [0x000000077a800000, 0x000000077bd00000, 0x0000000784e00000)
  object space 21504K, 49% used [0x000000077a800000,0x000000077b266300,0x000000077bd00000)
}
Event: 0.701 GC heap before
{Heap before GC invocations=3 (full 1):
 PSYoungGen      total 36864K, used 3809K [0x00000007d6f00000, 0x00000007d9800000, 0x0000000800000000)
  eden space 31744K, 12% used [0x00000007d6f00000,0x00000007d72b8778,0x00000007d8e00000)
  from space 5120K, 0% used [0x00000007d8e00000,0x00000007d8e00000,0x00000007d9300000)
  to   space 5120K, 0% used [0x00000007d9300000,0x00000007d9300000,0x00000007d9800000)
 ParOldGen       total 83968K, used 1893K [0x0000000784e00000, 0x000000078a000000, 0x00000007d6f00000)
  object space 83968K, 2% used [0x0000000784e00000,0x0000000784fd9638,0x000000078a000000)
 PSPermGen       total 21504K, used 11356K [0x000000077a800000, 0x000000077bd00000, 0x0000000784e00000)
  object space 21504K, 52% used [0x000000077a800000,0x000000077b3170a0,0x000000077bd00000)
Event: 0.703 GC heap after
Heap after GC invocations=3 (full 1):
 PSYoungGen      total 36864K, used 352K [0x00000007d6f00000, 0x00000007d9800000, 0x0000000800000000)
  eden space 31744K, 0% used [0x00000007d6f00000,0x00000007d6f00000,0x00000007d8e00000)
  from space 5120K, 6% used [0x00000007d9300000,0x00000007d9358000,0x00000007d9800000)
  to   space 5120K, 0% used [0x00000007d8e00000,0x00000007d8e00000,0x00000007d9300000)
 ParOldGen       total 83968K, used 1893K [0x0000000784e00000, 0x000000078a000000, 0x00000007d6f00000)
  object space 83968K, 2% used [0x0000000784e00000,0x0000000784fd9638,0x000000078a000000)
 PSPermGen       total 21504K, used 11356K [0x000000077a800000, 0x000000077bd00000, 0x0000000784e00000)
  object space 21504K, 52% used [0x000000077a800000,0x000000077b3170a0,0x000000077bd00000)
}
Event: 0.703 GC heap before
{Heap before GC invocations=4 (full 2):
 PSYoungGen      total 36864K, used 352K [0x00000007d6f00000, 0x00000007d9800000, 0x0000000800000000)
  eden space 31744K, 0% used [0x00000007d6f00000,0x00000007d6f00000,0x00000007d8e00000)
  from space 5120K, 6% used [0x00000007d9300000,0x00000007d9358000,0x00000007d9800000)
  to   space 5120K, 0% used [0x00000007d8e00000,0x00000007d8e00000,0x00000007d9300000)
 ParOldGen       total 83968K, used 1893K [0x0000000784e00000, 0x000000078a000000, 0x00000007d6f00000)
  object space 83968K, 2% used [0x0000000784e00000,0x0000000784fd9638,0x000000078a000000)
 PSPermGen       total 21504K, used 11356K [0x000000077a800000, 0x000000077bd00000, 0x0000000784e00000)
  object space 21504K, 52% used [0x000000077a800000,0x000000077b3170a0,0x000000077bd00000)
Event: 0.751 GC heap after
Heap after GC invocations=4 (full 2):
 PSYoungGen      total 36864K, used 0K [0x00000007d6f00000, 0x00000007d9800000, 0x0000000800000000)
  eden space 31744K, 0% used [0x00000007d6f00000,0x00000007d6f00000,0x00000007d8e00000)
  from space 5120K, 0% used [0x00000007d9300000,0x00000007d9300000,0x00000007d9800000)
  to   space 5120K, 0% used [0x00000007d8e00000,0x00000007d8e00000,0x00000007d9300000)
 ParOldGen       total 83968K, used 1681K [0x0000000784e00000, 0x000000078a000000, 0x00000007d6f00000)
  object space 83968K, 2% used [0x0000000784e00000,0x0000000784fa47a0,0x000000078a000000)
 PSPermGen       total 24576K, used 11355K [0x000000077a800000, 0x000000077c000000, 0x0000000784e00000)
  object space 24576K, 46% used [0x000000077a800000,0x000000077b316fe8,0x000000077c000000)
}

